#
# There is insufficient memory for the Java Runtime Environment to continue.
# Native memory allocation (mmap) failed to map 132120576 bytes for Failed to commit area from 0x0000000083200000 to 0x000000008b000000 of length 132120576.
# Possible reasons:
#   The system is out of physical RAM or swap space
#   The process is running with CompressedOops enabled, and the Java Heap may be blocking the growth of the native heap
# Possible solutions:
#   Reduce memory load on the system
#   Increase physical memory or swap space
#   Check if swap backing store is full
#   Decrease Java heap size (-Xmx/-Xms)
#   Decrease number of Java threads
#   Decrease Java thread stack sizes (-Xss)
#   Set larger code cache with -XX:ReservedCodeCacheSize=
# This output file may be truncated or incomplete.
#
#  Out of Memory Error (./open/src/hotspot/os/windows/os_windows.cpp:3287), pid=23856, tid=23672
#
# JRE version:  (11.0.16+11) (build )
# Java VM: Java HotSpot(TM) 64-Bit Server VM (11.0.16+11-LTS-199, mixed mode, sharing, tiered, compressed oops, g1 gc, windows-amd64)
# No core dump will be written. Minidumps are not enabled by default on client versions of Windows
#

---------------  S U M M A R Y ------------

Command Line: -Dfile.encoding=UTF-8 teamProject.map.IceMap

Host: Intel(R) Core(TM) i3-8145U CPU @ 2.10GHz, 4 cores, 7G,  Windows 10 , 64 bit Build 19041 (10.0.19041.1889)
Time: Wed Sep 28 12:45:03 2022  Windows 10 , 64 bit Build 19041 (10.0.19041.1889) elapsed time: 0.024801 seconds (0d 0h 0m 0s)

---------------  T H R E A D  ---------------

Current thread (0x00000298767b4000):  JavaThread "Unknown thread" [_thread_in_vm, id=23672, stack(0x000000c2f8900000,0x000000c2f8a00000)]

Stack: [0x000000c2f8900000,0x000000c2f8a00000]
Native frames: (J=compiled Java code, j=interpreted, Vv=VM code, C=native code)
V  [jvm.dll+0x62a3ea]
V  [jvm.dll+0x76418f]
V  [jvm.dll+0x765839]
V  [jvm.dll+0x765ec3]
V  [jvm.dll+0x23da98]
V  [jvm.dll+0x62770a]
V  [jvm.dll+0x61c475]
V  [jvm.dll+0x2f2aac]
V  [jvm.dll+0x2f2932]
V  [jvm.dll+0x2f7656]
V  [jvm.dll+0x33a1cf]
V  [jvm.dll+0x339c00]
V  [jvm.dll+0x2d00c8]
V  [jvm.dll+0x2d1236]
V  [jvm.dll+0x73e757]
V  [jvm.dll+0x73ffef]
V  [jvm.dll+0x346ef9]
V  [jvm.dll+0x723f90]
V  [jvm.dll+0x3b5adf]
V  [jvm.dll+0x3b7bf1]
C  [jli.dll+0x5207]
C  [ucrtbase.dll+0x21bb2]
C  [KERNEL32.DLL+0x17034]
C  [ntdll.dll+0x52651]


---------------  P R O C E S S  ---------------

Threads class SMR info:
_java_thread_list=0x0000029874dd01d0, length=0, elements={
}

Java Threads: ( => current thread )

Other Threads:
  0x00000298767cb000 GCTaskThread "GC Thread#0" [stack: 0x000000c2f8a00000,0x000000c2f8b00000] [id=25260]
  0x00000298767fc000 ConcurrentGCThread "G1 Main Marker" [stack: 0x000000c2f8b00000,0x000000c2f8c00000] [id=6756]
  0x00000298767fe000 ConcurrentGCThread "G1 Conc#0" [stack: 0x000000c2f8c00000,0x000000c2f8d00000] [id=22168]

[error occurred during error reporting (printing all threads), id 0xc0000005, EXCEPTION_ACCESS_VIOLATION (0xc0000005) at pc=0x00007ff8bd49f357]

VM state:not at safepoint (not fully initialized)

VM Mutex/Monitor currently owned by a thread:  ([mutex/lock_event])
[0x00000298767af640] Heap_lock - owner thread: 0x00000298767b4000

Heap address: 0x0000000083200000, size: 1998 MB, Compressed Oops mode: Non-zero based: 0x0000000083200000
Narrow klass base: 0x0000000000000000, Narrow klass shift: 0

GC Heap History (0 events):
No events

Deoptimization events (0 events):
No events

Classes redefined (0 events):
No events

Internal exceptions (0 events):
No events

Events (0 events):
No events


Dynamic libraries:
0x00007ff6dff50000 - 0x00007ff6dff5f000 	C:\Program Files\Java\jdk-11.0.16\bin\javaw.exe
0x00007ff900550000 - 0x00007ff900748000 	C:\WINDOWS\SYSTEM32\ntdll.dll
0x00007ff8ff2e0000 - 0x00007ff8ff39d000 	C:\WINDOWS\System32\KERNEL32.DLL
0x00007ff8fdd70000 - 0x00007ff8fe03e000 	C:\WINDOWS\System32\KERNELBASE.dll
0x00007ff8fdc70000 - 0x00007ff8fdd70000 	C:\WINDOWS\System32\ucrtbase.dll
0x00007ff8f5e40000 - 0x00007ff8f5e58000 	C:\Program Files\Java\jdk-11.0.16\bin\jli.dll
0x00007ff8f6fa0000 - 0x00007ff8f6fb5000 	C:\Program Files\Java\jdk-11.0.16\bin\VCRUNTIME140.dll
0x00007ff8ff4b0000 - 0x00007ff8ff55e000 	C:\WINDOWS\System32\ADVAPI32.dll
0x00007ff8ff590000 - 0x00007ff8ff62e000 	C:\WINDOWS\System32\msvcrt.dll
0x00007ff8ff710000 - 0x00007ff8ff7ac000 	C:\WINDOWS\System32\sechost.dll
0x00007ff8ff090000 - 0x00007ff8ff1b5000 	C:\WINDOWS\System32\RPCRT4.dll
0x00007ff8ff910000 - 0x00007ff8ffab0000 	C:\WINDOWS\System32\USER32.dll
0x00007ff8fe090000 - 0x00007ff8fe0b2000 	C:\WINDOWS\System32\win32u.dll
0x00007ff8ff560000 - 0x00007ff8ff58a000 	C:\WINDOWS\System32\GDI32.dll
0x00007ff8e6150000 - 0x00007ff8e63ea000 	C:\WINDOWS\WinSxS\amd64_microsoft.windows.common-controls_6595b64144ccf1df_6.0.19041.1110_none_60b5254171f9507e\COMCTL32.dll
0x00007ff8fe4a0000 - 0x00007ff8fe5ab000 	C:\WINDOWS\System32\gdi32full.dll
0x00007ff8fe370000 - 0x00007ff8fe40d000 	C:\WINDOWS\System32\msvcp_win.dll
0x00007ff8f66e0000 - 0x00007ff8f66ea000 	C:\WINDOWS\SYSTEM32\VERSION.dll
0x00007ff8ff3a0000 - 0x00007ff8ff3d0000 	C:\WINDOWS\System32\IMM32.DLL
0x00007ff8f5da0000 - 0x00007ff8f5e3b000 	C:\Program Files\Java\jdk-11.0.16\bin\msvcp140.dll
0x00007ff8bd1c0000 - 0x00007ff8bdcd8000 	C:\Program Files\Java\jdk-11.0.16\bin\server\jvm.dll
0x00007ff8ff810000 - 0x00007ff8ff818000 	C:\WINDOWS\System32\PSAPI.DLL
0x00007ff8f7500000 - 0x00007ff8f7509000 	C:\WINDOWS\SYSTEM32\WSOCK32.dll
0x00007ff8ff3d0000 - 0x00007ff8ff43b000 	C:\WINDOWS\System32\WS2_32.dll
0x00007ff8e7360000 - 0x00007ff8e7387000 	C:\WINDOWS\SYSTEM32\WINMM.dll
0x00007ff8fc500000 - 0x00007ff8fc512000 	C:\WINDOWS\SYSTEM32\kernel.appcore.dll
0x00007ff8f6f90000 - 0x00007ff8f6fa0000 	C:\Program Files\Java\jdk-11.0.16\bin\verify.dll
0x00007ff8fb8d0000 - 0x00007ff8fbab4000 	C:\WINDOWS\SYSTEM32\DBGHELP.DLL
0x00007ff8fb8a0000 - 0x00007ff8fb8cc000 	C:\WINDOWS\SYSTEM32\dbgcore.DLL
0x00007ff8fe410000 - 0x00007ff8fe492000 	C:\WINDOWS\System32\bcryptPrimitives.dll
0x00007ff8f5d70000 - 0x00007ff8f5d98000 	C:\Program Files\Java\jdk-11.0.16\bin\java.dll
0x00007ff8f5d60000 - 0x00007ff8f5d6a000 	C:\Program Files\Java\jdk-11.0.16\bin\jimage.dll
0x00007ff8f5d30000 - 0x00007ff8f5d46000 	C:\Program Files\Java\jdk-11.0.16\bin\zip.dll

dbghelp: loaded successfully - version: 4.0.5 - missing functions: none
symbol engine: initialized successfully - sym options: 0x614 - pdb path: .;C:\Program Files\Java\jdk-11.0.16\bin;C:\WINDOWS\SYSTEM32;C:\WINDOWS\WinSxS\amd64_microsoft.windows.common-controls_6595b64144ccf1df_6.0.19041.1110_none_60b5254171f9507e;C:\Program Files\Java\jdk-11.0.16\bin\server

VM Arguments:
jvm_args: -Dfile.encoding=UTF-8 
java_command: teamProject.map.IceMap
java_class_path (initial): C:\Users\ji_eu\OneDrive\πŸ≈¡ »≠∏È\TeamProject\LastAngryBird\AngryBird\bin;C:\Users\ji_eu\OneDrive\πŸ≈¡ »≠∏È\TeamProject\LastAngryBird\AngryBird\lib\lombok.jar
Launcher Type: SUN_STANDARD

[Global flags]
     intx CICompilerCount                          = 3                                         {product} {ergonomic}
     uint ConcGCThreads                            = 1                                         {product} {ergonomic}
     uint G1ConcRefinementThreads                  = 4                                         {product} {ergonomic}
   size_t G1HeapRegionSize                         = 1048576                                   {product} {ergonomic}
    uintx GCDrainStackTargetSize                   = 64                                        {product} {ergonomic}
   size_t InitialHeapSize                          = 132120576                                 {product} {ergonomic}
   size_t MarkStackSize                            = 4194304                                   {product} {ergonomic}
   size_t MaxHeapSize                              = 2095054848                                {product} {ergonomic}
   size_t MinHeapDeltaBytes                        = 1048576                                   {product} {ergonomic}
    uintx NonNMethodCodeHeapSize                   = 5830732                                {pd product} {ergonomic}
    uintx NonProfiledCodeHeapSize                  = 122913754                              {pd product} {ergonomic}
    uintx ProfiledCodeHeapSize                     = 122913754                              {pd product} {ergonomic}
    uintx ReservedCodeCacheSize                    = 251658240                              {pd product} {ergonomic}
     bool SegmentedCodeCache                       = true                                      {product} {ergonomic}
     bool UseCompressedClassPointers               = true                                 {lp64_product} {ergonomic}
     bool UseCompressedOops                        = true                                 {lp64_product} {ergonomic}
     bool UseG1GC                                  = true                                      {product} {ergonomic}
     bool UseLargePagesIndividualAllocation        = false                                  {pd product} {ergonomic}

Logging:
Log output configuration:
 #0: stdout all=warning uptime,level,tags
 #1: stderr all=off uptime,level,tags

Environment Variables:
PATH=C:\Program Files\Common Files\Oracle\Java\javapath;C:\Program Files (x86)\Intel\Intel(R) Management Engine Components\iCLS\;C:\Program Files\Intel\Intel(R) Management Engine Components\iCLS\;C:\WINDOWS\system32;C:\WINDOWS;C:\WINDOWS\System32\Wbem;C:\WINDOWS\System32\WindowsPowerShell\v1.0\;C:\WINDOWS\System32\OpenSSH\;C:\Program Files (x86)\Intel\Intel(R) Management Engine Components\DAL;C:\Program Files\Intel\Intel(R) Management Engine Components\DAL;C:\Program Files\Bandizip\;C:\Program Files\Git\cmd;C:\Program Files\Java\jdk-11.0.16;C:\Program Files\Java\jdk-11.0.163;C:\Users\ji_eu\AppData\Local\Microsoft\WindowsApps;
USERNAME=ji_eu
OS=Windows_NT
PROCESSOR_IDENTIFIER=Intel64 Family 6 Model 142 Stepping 11, GenuineIntel



---------------  S Y S T E M  ---------------

OS: Windows 10 , 64 bit Build 19041 (10.0.19041.1889)

CPU:total 4 (initial active 4) (2 cores per cpu, 2 threads per core) family 6 model 142 stepping 11 microcode 0xae, cmov, cx8, fxsr, mmx, sse, sse2, sse3, ssse3, sse4.1, sse4.2, popcnt, avx, avx2, aes, clmul, erms, 3dnowpref, lzcnt, ht, tsc, tscinvbit, bmi1, bmi2, adx, fma

Memory: 4k page, system-wide physical 7986M (528M free)
TotalPageFile size 32560M (AvailPageFile size 107M)
current process WorkingSet (physical memory assigned to process): 10M, peak: 10M
current process commit charge ("private bytes"): 51M, peak: 177M

vm_info: Java HotSpot(TM) 64-Bit Server VM (11.0.16+11-LTS-199) for windows-amd64 JRE (11.0.16+11-LTS-199), built on Jun 28 2022 08:23:17 by "mach5one" with MS VC++ 15.9 (VS2017)

END.
