#
# There is insufficient memory for the Java Runtime Environment to continue.
# Native memory allocation (malloc) failed to allocate 1048576 bytes for AllocateHeap
# Possible reasons:
#   The system is out of physical RAM or swap space
#   The process is running with CompressedOops enabled, and the Java Heap may be blocking the growth of the native heap
# Possible solutions:
#   Reduce memory load on the system
#   Increase physical memory or swap space
#   Check if swap backing store is full
#   Decrease Java heap size (-Xmx/-Xms)
#   Decrease number of Java threads
#   Decrease Java thread stack sizes (-Xss)
#   Set larger code cache with -XX:ReservedCodeCacheSize=
#   JVM is running with Unscaled Compressed Oops mode in which the Java heap is
#     placed in the first 4GB address space. The Java Heap base address is the
#     maximum limit for the native heap growth. Please use -XX:HeapBaseMinAddress
#     to set the Java Heap base and to place the Java Heap above 4GB virtual address.
# This output file may be truncated or incomplete.
#
#  Out of Memory Error (./open/src/hotspot/share/memory/allocation.cpp:46), pid=25260, tid=19848
#
# JRE version: Java(TM) SE Runtime Environment 18.9 (11.0.16+11) (build 11.0.16+11-LTS-199)
# Java VM: Java HotSpot(TM) 64-Bit Server VM 18.9 (11.0.16+11-LTS-199, mixed mode, tiered, compressed oops, g1 gc, windows-amd64)
# No core dump will be written. Minidumps are not enabled by default on client versions of Windows
#

---------------  S U M M A R Y ------------

Command Line: -Dfile.encoding=UTF-8 teamProject.map.IceMap

Host: Intel(R) Core(TM) i3-8145U CPU @ 2.10GHz, 4 cores, 7G,  Windows 10 , 64 bit Build 19041 (10.0.19041.1889)
Time: Wed Sep 28 12:45:21 2022  Windows 10 , 64 bit Build 19041 (10.0.19041.1889) elapsed time: 0.199816 seconds (0d 0h 0m 0s)

---------------  T H R E A D  ---------------

Current thread (0x0000021fec115000):  VMThread "VM Thread" [stack: 0x000000988a400000,0x000000988a500000] [id=19848]

Stack: [0x000000988a400000,0x000000988a500000]
[error occurred during error reporting (printing stack bounds), id 0xc0000005, EXCEPTION_ACCESS_VIOLATION (0xc0000005) at pc=0x0000021fd5a70f2d]

Native frames: (J=compiled Java code, j=interpreted, Vv=VM code, C=native code)
V  [jvm.dll+0x62a3ea]
V  [jvm.dll+0x76418f]
V  [jvm.dll+0x765839]
V  [jvm.dll+0x765e25]
V  [jvm.dll+0x765ddb]
V  [jvm.dll+0x6298d3]
V  [jvm.dll+0x629fe8]
C  [ntdll.dll+0xa229f]
C  [ntdll.dll+0x51454]
C  [ntdll.dll+0xa0dce]
C  0x0000021fd5a70f2d

VM_Operation (0x0000009889ef4010): CollectForMetadataAllocation, mode: safepoint, requested by thread 0x0000021fce3b3800


---------------  P R O C E S S  ---------------

Threads class SMR info:
_java_thread_list=0x0000021fecbc8160, length=10, elements={
0x0000021fce3b3800, 0x0000021fec13b000, 0x0000021fec143800, 0x0000021fec169000,
0x0000021fec16a000, 0x0000021fec173000, 0x0000021fec17b800, 0x0000021fec187800,
0x0000021feca82000, 0x0000021feca7c000
}

Java Threads: ( => current thread )
  0x0000021fce3b3800 JavaThread "main" [_thread_blocked, id=24556, stack(0x0000009889e00000,0x0000009889f00000)]
  0x0000021fec13b000 JavaThread "Reference Handler" daemon [_thread_blocked, id=14608, stack(0x000000988a500000,0x000000988a600000)]
  0x0000021fec143800 JavaThread "Finalizer" daemon [_thread_blocked, id=25520, stack(0x000000988a600000,0x000000988a700000)]
  0x0000021fec169000 JavaThread "Signal Dispatcher" daemon [_thread_blocked, id=25180, stack(0x000000988a700000,0x000000988a800000)]
  0x0000021fec16a000 JavaThread "Attach Listener" daemon [_thread_blocked, id=22236, stack(0x000000988a800000,0x000000988a900000)]
  0x0000021fec173000 JavaThread "Service Thread" daemon [_thread_blocked, id=16088, stack(0x000000988a900000,0x000000988aa00000)]
  0x0000021fec17b800 JavaThread "C2 CompilerThread0" daemon [_thread_blocked, id=25284, stack(0x000000988aa00000,0x000000988ab00000)]
  0x0000021fec187800 JavaThread "C1 CompilerThread0" daemon [_thread_blocked, id=24584, stack(0x000000988ab00000,0x000000988ac00000)]
  0x0000021feca82000 JavaThread "Sweeper thread" daemon [_thread_blocked, id=25488, stack(0x000000988ac00000,0x000000988ad00000)]
  0x0000021feca7c000 JavaThread "Common-Cleaner" daemon [_thread_blocked, id=22816, stack(0x000000988ae00000,0x000000988af00000)]

Other Threads:
=>0x0000021fec115000 VMThread "VM Thread" [stack: 0x000000988a400000,0x000000988a500000] [id=19848]
  0x0000021fecbfa000 WatcherThread [stack: 0x000000988ad00000,0x000000988ae00000] [id=6388]
  0x0000021fce3cb000 GCTaskThread "GC Thread#0" [stack: 0x0000009889f00000,0x000000988a000000] [id=22760]
  0x0000021fecc4b000 GCTaskThread "GC Thread#1" [stack: 0x000000988af00000,0x000000988b000000] [id=22788]
  0x0000021fecc4f800 GCTaskThread "GC Thread#2" [stack: 0x000000988b000000,0x000000988b100000] [id=23208]
  0x0000021fce3fd000 ConcurrentGCThread "G1 Main Marker" [stack: 0x000000988a000000,0x000000988a100000] [id=5124]
  0x0000021fce403000 ConcurrentGCThread "G1 Conc#0" [stack: 0x000000988a100000,0x000000988a200000] [id=16756]
  0x0000021fce490800 ConcurrentGCThread "G1 Refine#0" [stack: 0x000000988a200000,0x000000988a300000] [id=22616]
  0x0000021fce491800 ConcurrentGCThread "G1 Young RemSet Sampling" [stack: 0x000000988a300000,0x000000988a400000] [id=24656]

Threads with active compile tasks:

VM state:at safepoint (normal execution)

VM Mutex/Monitor currently owned by a thread:  ([mutex/lock_event])
[0x0000021fce3af260] Threads_lock - owner thread: 0x0000021fec115000
[0x0000021fce3af2f0] Heap_lock - owner thread: 0x0000021fce3b3800

Heap address: 0x0000000083200000, size: 1998 MB, Compressed Oops mode: 32-bit
Narrow klass base: 0x0000000000000000, Narrow klass shift: 3
Compressed class space size: 1073741824 Address: 0x0000000100000000

Heap:
 garbage-first heap   total 129024K, used 935K [0x0000000083200000, 0x0000000100000000)
  region size 1024K, 1 young (1024K), 1 survivors (1024K)
 Metaspace       used 5847K, capacity 5893K, committed 6016K, reserved 1073152K
  class space    used 516K, capacity 555K, committed 640K, reserved 1048576K
Heap Regions: E=young(eden), S=young(survivor), O=old, HS=humongous(starts), HC=humongous(continues), CS=collection set, F=free, A=archive, TAMS=top-at-mark-start (previous, next)
|   0|0x0000000083200000, 0x0000000083200000, 0x0000000083300000|  0%| F|  |TAMS 0x0000000083200000, 0x0000000083200000| Untracked 
|   1|0x0000000083300000, 0x0000000083300000, 0x0000000083400000|  0%| F|  |TAMS 0x0000000083300000, 0x0000000083300000| Untracked 
|   2|0x0000000083400000, 0x0000000083400000, 0x0000000083500000|  0%| F|  |TAMS 0x0000000083400000, 0x0000000083400000| Untracked 
|   3|0x0000000083500000, 0x0000000083500000, 0x0000000083600000|  0%| F|  |TAMS 0x0000000083500000, 0x0000000083500000| Untracked 
|   4|0x0000000083600000, 0x0000000083600000, 0x0000000083700000|  0%| F|  |TAMS 0x0000000083600000, 0x0000000083600000| Untracked 
|   5|0x0000000083700000, 0x0000000083700000, 0x0000000083800000|  0%| F|  |TAMS 0x0000000083700000, 0x0000000083700000| Untracked 
|   6|0x0000000083800000, 0x0000000083800000, 0x0000000083900000|  0%| F|  |TAMS 0x0000000083800000, 0x0000000083800000| Untracked 
|   7|0x0000000083900000, 0x0000000083900000, 0x0000000083a00000|  0%| F|  |TAMS 0x0000000083900000, 0x0000000083900000| Untracked 
|   8|0x0000000083a00000, 0x0000000083a00000, 0x0000000083b00000|  0%| F|  |TAMS 0x0000000083a00000, 0x0000000083a00000| Untracked 
|   9|0x0000000083b00000, 0x0000000083b00000, 0x0000000083c00000|  0%| F|  |TAMS 0x0000000083b00000, 0x0000000083b00000| Untracked 
|  10|0x0000000083c00000, 0x0000000083c00000, 0x0000000083d00000|  0%| F|  |TAMS 0x0000000083c00000, 0x0000000083c00000| Untracked 
|  11|0x0000000083d00000, 0x0000000083d00000, 0x0000000083e00000|  0%| F|  |TAMS 0x0000000083d00000, 0x0000000083d00000| Untracked 
|  12|0x0000000083e00000, 0x0000000083e00000, 0x0000000083f00000|  0%| F|  |TAMS 0x0000000083e00000, 0x0000000083e00000| Untracked 
|  13|0x0000000083f00000, 0x0000000083f00000, 0x0000000084000000|  0%| F|  |TAMS 0x0000000083f00000, 0x0000000083f00000| Untracked 
|  14|0x0000000084000000, 0x0000000084000000, 0x0000000084100000|  0%| F|  |TAMS 0x0000000084000000, 0x0000000084000000| Untracked 
|  15|0x0000000084100000, 0x0000000084100000, 0x0000000084200000|  0%| F|  |TAMS 0x0000000084100000, 0x0000000084100000| Untracked 
|  16|0x0000000084200000, 0x0000000084200000, 0x0000000084300000|  0%| F|  |TAMS 0x0000000084200000, 0x0000000084200000| Untracked 
|  17|0x0000000084300000, 0x0000000084300000, 0x0000000084400000|  0%| F|  |TAMS 0x0000000084300000, 0x0000000084300000| Untracked 
|  18|0x0000000084400000, 0x0000000084400000, 0x0000000084500000|  0%| F|  |TAMS 0x0000000084400000, 0x0000000084400000| Untracked 
|  19|0x0000000084500000, 0x0000000084500000, 0x0000000084600000|  0%| F|  |TAMS 0x0000000084500000, 0x0000000084500000| Untracked 
|  20|0x0000000084600000, 0x0000000084600000, 0x0000000084700000|  0%| F|  |TAMS 0x0000000084600000, 0x0000000084600000| Untracked 
|  21|0x0000000084700000, 0x0000000084700000, 0x0000000084800000|  0%| F|  |TAMS 0x0000000084700000, 0x0000000084700000| Untracked 
|  22|0x0000000084800000, 0x0000000084800000, 0x0000000084900000|  0%| F|  |TAMS 0x0000000084800000, 0x0000000084800000| Untracked 
|  23|0x0000000084900000, 0x0000000084900000, 0x0000000084a00000|  0%| F|  |TAMS 0x0000000084900000, 0x0000000084900000| Untracked 
|  24|0x0000000084a00000, 0x0000000084a00000, 0x0000000084b00000|  0%| F|  |TAMS 0x0000000084a00000, 0x0000000084a00000| Untracked 
|  25|0x0000000084b00000, 0x0000000084b00000, 0x0000000084c00000|  0%| F|  |TAMS 0x0000000084b00000, 0x0000000084b00000| Untracked 
|  26|0x0000000084c00000, 0x0000000084c00000, 0x0000000084d00000|  0%| F|  |TAMS 0x0000000084c00000, 0x0000000084c00000| Untracked 
|  27|0x0000000084d00000, 0x0000000084d00000, 0x0000000084e00000|  0%| F|  |TAMS 0x0000000084d00000, 0x0000000084d00000| Untracked 
|  28|0x0000000084e00000, 0x0000000084e00000, 0x0000000084f00000|  0%| F|  |TAMS 0x0000000084e00000, 0x0000000084e00000| Untracked 
|  29|0x0000000084f00000, 0x0000000084f00000, 0x0000000085000000|  0%| F|  |TAMS 0x0000000084f00000, 0x0000000084f00000| Untracked 
|  30|0x0000000085000000, 0x0000000085000000, 0x0000000085100000|  0%| F|  |TAMS 0x0000000085000000, 0x0000000085000000| Untracked 
|  31|0x0000000085100000, 0x0000000085100000, 0x0000000085200000|  0%| F|  |TAMS 0x0000000085100000, 0x0000000085100000| Untracked 
|  32|0x0000000085200000, 0x0000000085200000, 0x0000000085300000|  0%| F|  |TAMS 0x0000000085200000, 0x0000000085200000| Untracked 
|  33|0x0000000085300000, 0x0000000085300000, 0x0000000085400000|  0%| F|  |TAMS 0x0000000085300000, 0x0000000085300000| Untracked 
|  34|0x0000000085400000, 0x0000000085400000, 0x0000000085500000|  0%| F|  |TAMS 0x0000000085400000, 0x0000000085400000| Untracked 
|  35|0x0000000085500000, 0x0000000085500000, 0x0000000085600000|  0%| F|  |TAMS 0x0000000085500000, 0x0000000085500000| Untracked 
|  36|0x0000000085600000, 0x0000000085600000, 0x0000000085700000|  0%| F|  |TAMS 0x0000000085600000, 0x0000000085600000| Untracked 
|  37|0x0000000085700000, 0x0000000085700000, 0x0000000085800000|  0%| F|  |TAMS 0x0000000085700000, 0x0000000085700000| Untracked 
|  38|0x0000000085800000, 0x0000000085800000, 0x0000000085900000|  0%| F|  |TAMS 0x0000000085800000, 0x0000000085800000| Untracked 
|  39|0x0000000085900000, 0x0000000085900000, 0x0000000085a00000|  0%| F|  |TAMS 0x0000000085900000, 0x0000000085900000| Untracked 
|  40|0x0000000085a00000, 0x0000000085a00000, 0x0000000085b00000|  0%| F|  |TAMS 0x0000000085a00000, 0x0000000085a00000| Untracked 
|  41|0x0000000085b00000, 0x0000000085b00000, 0x0000000085c00000|  0%| F|  |TAMS 0x0000000085b00000, 0x0000000085b00000| Untracked 
|  42|0x0000000085c00000, 0x0000000085c00000, 0x0000000085d00000|  0%| F|  |TAMS 0x0000000085c00000, 0x0000000085c00000| Untracked 
|  43|0x0000000085d00000, 0x0000000085d00000, 0x0000000085e00000|  0%| F|  |TAMS 0x0000000085d00000, 0x0000000085d00000| Untracked 
|  44|0x0000000085e00000, 0x0000000085e00000, 0x0000000085f00000|  0%| F|  |TAMS 0x0000000085e00000, 0x0000000085e00000| Untracked 
|  45|0x0000000085f00000, 0x0000000085f00000, 0x0000000086000000|  0%| F|  |TAMS 0x0000000085f00000, 0x0000000085f00000| Untracked 
|  46|0x0000000086000000, 0x0000000086000000, 0x0000000086100000|  0%| F|  |TAMS 0x0000000086000000, 0x0000000086000000| Untracked 
|  47|0x0000000086100000, 0x0000000086100000, 0x0000000086200000|  0%| F|  |TAMS 0x0000000086100000, 0x0000000086100000| Untracked 
|  48|0x0000000086200000, 0x0000000086200000, 0x0000000086300000|  0%| F|  |TAMS 0x0000000086200000, 0x0000000086200000| Untracked 
|  49|0x0000000086300000, 0x0000000086300000, 0x0000000086400000|  0%| F|  |TAMS 0x0000000086300000, 0x0000000086300000| Untracked 
|  50|0x0000000086400000, 0x0000000086400000, 0x0000000086500000|  0%| F|  |TAMS 0x0000000086400000, 0x0000000086400000| Untracked 
|  51|0x0000000086500000, 0x0000000086500000, 0x0000000086600000|  0%| F|  |TAMS 0x0000000086500000, 0x0000000086500000| Untracked 
|  52|0x0000000086600000, 0x0000000086600000, 0x0000000086700000|  0%| F|  |TAMS 0x0000000086600000, 0x0000000086600000| Untracked 
|  53|0x0000000086700000, 0x0000000086700000, 0x0000000086800000|  0%| F|  |TAMS 0x0000000086700000, 0x0000000086700000| Untracked 
|  54|0x0000000086800000, 0x0000000086800000, 0x0000000086900000|  0%| F|  |TAMS 0x0000000086800000, 0x0000000086800000| Untracked 
|  55|0x0000000086900000, 0x0000000086900000, 0x0000000086a00000|  0%| F|  |TAMS 0x0000000086900000, 0x0000000086900000| Untracked 
|  56|0x0000000086a00000, 0x0000000086a00000, 0x0000000086b00000|  0%| F|  |TAMS 0x0000000086a00000, 0x0000000086a00000| Untracked 
|  57|0x0000000086b00000, 0x0000000086b00000, 0x0000000086c00000|  0%| F|  |TAMS 0x0000000086b00000, 0x0000000086b00000| Untracked 
|  58|0x0000000086c00000, 0x0000000086c00000, 0x0000000086d00000|  0%| F|  |TAMS 0x0000000086c00000, 0x0000000086c00000| Untracked 
|  59|0x0000000086d00000, 0x0000000086d00000, 0x0000000086e00000|  0%| F|  |TAMS 0x0000000086d00000, 0x0000000086d00000| Untracked 
|  60|0x0000000086e00000, 0x0000000086e00000, 0x0000000086f00000|  0%| F|  |TAMS 0x0000000086e00000, 0x0000000086e00000| Untracked 
|  61|0x0000000086f00000, 0x0000000086f00000, 0x0000000087000000|  0%| F|  |TAMS 0x0000000086f00000, 0x0000000086f00000| Untracked 
|  62|0x0000000087000000, 0x0000000087000000, 0x0000000087100000|  0%| F|  |TAMS 0x0000000087000000, 0x0000000087000000| Untracked 
|  63|0x0000000087100000, 0x0000000087100000, 0x0000000087200000|  0%| F|  |TAMS 0x0000000087100000, 0x0000000087100000| Untracked 
|  64|0x0000000087200000, 0x0000000087200000, 0x0000000087300000|  0%| F|  |TAMS 0x0000000087200000, 0x0000000087200000| Untracked 
|  65|0x0000000087300000, 0x0000000087300000, 0x0000000087400000|  0%| F|  |TAMS 0x0000000087300000, 0x0000000087300000| Untracked 
|  66|0x0000000087400000, 0x0000000087400000, 0x0000000087500000|  0%| F|  |TAMS 0x0000000087400000, 0x0000000087400000| Untracked 
|  67|0x0000000087500000, 0x0000000087500000, 0x0000000087600000|  0%| F|  |TAMS 0x0000000087500000, 0x0000000087500000| Untracked 
|  68|0x0000000087600000, 0x0000000087600000, 0x0000000087700000|  0%| F|  |TAMS 0x0000000087600000, 0x0000000087600000| Untracked 
|  69|0x0000000087700000, 0x0000000087700000, 0x0000000087800000|  0%| F|  |TAMS 0x0000000087700000, 0x0000000087700000| Untracked 
|  70|0x0000000087800000, 0x0000000087800000, 0x0000000087900000|  0%| F|  |TAMS 0x0000000087800000, 0x0000000087800000| Untracked 
|  71|0x0000000087900000, 0x0000000087900000, 0x0000000087a00000|  0%| F|  |TAMS 0x0000000087900000, 0x0000000087900000| Untracked 
|  72|0x0000000087a00000, 0x0000000087a00000, 0x0000000087b00000|  0%| F|  |TAMS 0x0000000087a00000, 0x0000000087a00000| Untracked 
|  73|0x0000000087b00000, 0x0000000087b00000, 0x0000000087c00000|  0%| F|  |TAMS 0x0000000087b00000, 0x0000000087b00000| Untracked 
|  74|0x0000000087c00000, 0x0000000087c00000, 0x0000000087d00000|  0%| F|  |TAMS 0x0000000087c00000, 0x0000000087c00000| Untracked 
|  75|0x0000000087d00000, 0x0000000087d00000, 0x0000000087e00000|  0%| F|  |TAMS 0x0000000087d00000, 0x0000000087d00000| Untracked 
|  76|0x0000000087e00000, 0x0000000087e00000, 0x0000000087f00000|  0%| F|  |TAMS 0x0000000087e00000, 0x0000000087e00000| Untracked 
|  77|0x0000000087f00000, 0x0000000087f00000, 0x0000000088000000|  0%| F|  |TAMS 0x0000000087f00000, 0x0000000087f00000| Untracked 
|  78|0x0000000088000000, 0x0000000088000000, 0x0000000088100000|  0%| F|  |TAMS 0x0000000088000000, 0x0000000088000000| Untracked 
|  79|0x0000000088100000, 0x0000000088100000, 0x0000000088200000|  0%| F|  |TAMS 0x0000000088100000, 0x0000000088100000| Untracked 
|  80|0x0000000088200000, 0x0000000088200000, 0x0000000088300000|  0%| F|  |TAMS 0x0000000088200000, 0x0000000088200000| Untracked 
|  81|0x0000000088300000, 0x0000000088300000, 0x0000000088400000|  0%| F|  |TAMS 0x0000000088300000, 0x0000000088300000| Untracked 
|  82|0x0000000088400000, 0x0000000088400000, 0x0000000088500000|  0%| F|  |TAMS 0x0000000088400000, 0x0000000088400000| Untracked 
|  83|0x0000000088500000, 0x0000000088500000, 0x0000000088600000|  0%| F|  |TAMS 0x0000000088500000, 0x0000000088500000| Untracked 
|  84|0x0000000088600000, 0x0000000088600000, 0x0000000088700000|  0%| F|  |TAMS 0x0000000088600000, 0x0000000088600000| Untracked 
|  85|0x0000000088700000, 0x0000000088700000, 0x0000000088800000|  0%| F|  |TAMS 0x0000000088700000, 0x0000000088700000| Untracked 
|  86|0x0000000088800000, 0x0000000088800000, 0x0000000088900000|  0%| F|  |TAMS 0x0000000088800000, 0x0000000088800000| Untracked 
|  87|0x0000000088900000, 0x0000000088900000, 0x0000000088a00000|  0%| F|  |TAMS 0x0000000088900000, 0x0000000088900000| Untracked 
|  88|0x0000000088a00000, 0x0000000088a00000, 0x0000000088b00000|  0%| F|  |TAMS 0x0000000088a00000, 0x0000000088a00000| Untracked 
|  89|0x0000000088b00000, 0x0000000088b00000, 0x0000000088c00000|  0%| F|  |TAMS 0x0000000088b00000, 0x0000000088b00000| Untracked 
|  90|0x0000000088c00000, 0x0000000088c00000, 0x0000000088d00000|  0%| F|  |TAMS 0x0000000088c00000, 0x0000000088c00000| Untracked 
|  91|0x0000000088d00000, 0x0000000088d00000, 0x0000000088e00000|  0%| F|  |TAMS 0x0000000088d00000, 0x0000000088d00000| Untracked 
|  92|0x0000000088e00000, 0x0000000088e00000, 0x0000000088f00000|  0%| F|  |TAMS 0x0000000088e00000, 0x0000000088e00000| Untracked 
|  93|0x0000000088f00000, 0x0000000088f00000, 0x0000000089000000|  0%| F|  |TAMS 0x0000000088f00000, 0x0000000088f00000| Untracked 
|  94|0x0000000089000000, 0x0000000089000000, 0x0000000089100000|  0%| F|  |TAMS 0x0000000089000000, 0x0000000089000000| Untracked 
|  95|0x0000000089100000, 0x0000000089100000, 0x0000000089200000|  0%| F|  |TAMS 0x0000000089100000, 0x0000000089100000| Untracked 
|  96|0x0000000089200000, 0x0000000089200000, 0x0000000089300000|  0%| F|  |TAMS 0x0000000089200000, 0x0000000089200000| Untracked 
|  97|0x0000000089300000, 0x0000000089300000, 0x0000000089400000|  0%| F|  |TAMS 0x0000000089300000, 0x0000000089300000| Untracked 
|  98|0x0000000089400000, 0x0000000089400000, 0x0000000089500000|  0%| F|  |TAMS 0x0000000089400000, 0x0000000089400000| Untracked 
|  99|0x0000000089500000, 0x0000000089500000, 0x0000000089600000|  0%| F|  |TAMS 0x0000000089500000, 0x0000000089500000| Untracked 
| 100|0x0000000089600000, 0x0000000089600000, 0x0000000089700000|  0%| F|  |TAMS 0x0000000089600000, 0x0000000089600000| Untracked 
| 101|0x0000000089700000, 0x0000000089700000, 0x0000000089800000|  0%| F|  |TAMS 0x0000000089700000, 0x0000000089700000| Untracked 
| 102|0x0000000089800000, 0x0000000089800000, 0x0000000089900000|  0%| F|  |TAMS 0x0000000089800000, 0x0000000089800000| Untracked 
| 103|0x0000000089900000, 0x0000000089900000, 0x0000000089a00000|  0%| F|  |TAMS 0x0000000089900000, 0x0000000089900000| Untracked 
| 104|0x0000000089a00000, 0x0000000089a00000, 0x0000000089b00000|  0%| F|  |TAMS 0x0000000089a00000, 0x0000000089a00000| Untracked 
| 105|0x0000000089b00000, 0x0000000089b00000, 0x0000000089c00000|  0%| F|  |TAMS 0x0000000089b00000, 0x0000000089b00000| Untracked 
| 106|0x0000000089c00000, 0x0000000089c00000, 0x0000000089d00000|  0%| F|  |TAMS 0x0000000089c00000, 0x0000000089c00000| Untracked 
| 107|0x0000000089d00000, 0x0000000089d00000, 0x0000000089e00000|  0%| F|  |TAMS 0x0000000089d00000, 0x0000000089d00000| Untracked 
| 108|0x0000000089e00000, 0x0000000089e00000, 0x0000000089f00000|  0%| F|  |TAMS 0x0000000089e00000, 0x0000000089e00000| Untracked 
| 109|0x0000000089f00000, 0x0000000089f00000, 0x000000008a000000|  0%| F|  |TAMS 0x0000000089f00000, 0x0000000089f00000| Untracked 
| 110|0x000000008a000000, 0x000000008a000000, 0x000000008a100000|  0%| F|  |TAMS 0x000000008a000000, 0x000000008a000000| Untracked 
| 111|0x000000008a100000, 0x000000008a100000, 0x000000008a200000|  0%| F|  |TAMS 0x000000008a100000, 0x000000008a100000| Untracked 
| 112|0x000000008a200000, 0x000000008a200000, 0x000000008a300000|  0%| F|  |TAMS 0x000000008a200000, 0x000000008a200000| Untracked 
| 113|0x000000008a300000, 0x000000008a300000, 0x000000008a400000|  0%| F|  |TAMS 0x000000008a300000, 0x000000008a300000| Untracked 
| 114|0x000000008a400000, 0x000000008a400000, 0x000000008a500000|  0%| F|  |TAMS 0x000000008a400000, 0x000000008a400000| Untracked 
| 115|0x000000008a500000, 0x000000008a500000, 0x000000008a600000|  0%| F|  |TAMS 0x000000008a500000, 0x000000008a500000| Untracked 
| 116|0x000000008a600000, 0x000000008a600000, 0x000000008a700000|  0%| F|  |TAMS 0x000000008a600000, 0x000000008a600000| Untracked 
| 117|0x000000008a700000, 0x000000008a700000, 0x000000008a800000|  0%| F|  |TAMS 0x000000008a700000, 0x000000008a700000| Untracked 
| 118|0x000000008a800000, 0x000000008a800000, 0x000000008a900000|  0%| F|  |TAMS 0x000000008a800000, 0x000000008a800000| Untracked 
| 119|0x000000008a900000, 0x000000008a900000, 0x000000008aa00000|  0%| F|  |TAMS 0x000000008a900000, 0x000000008a900000| Untracked 
| 120|0x000000008aa00000, 0x000000008aa00000, 0x000000008ab00000|  0%| F|  |TAMS 0x000000008aa00000, 0x000000008aa00000| Untracked 
| 121|0x000000008ab00000, 0x000000008ab00000, 0x000000008ac00000|  0%| F|  |TAMS 0x000000008ab00000, 0x000000008ab00000| Untracked 
| 122|0x000000008ac00000, 0x000000008ac00000, 0x000000008ad00000|  0%| F|  |TAMS 0x000000008ac00000, 0x000000008ac00000| Untracked 
| 123|0x000000008ad00000, 0x000000008ad00000, 0x000000008ae00000|  0%| F|  |TAMS 0x000000008ad00000, 0x000000008ad00000| Untracked 
| 124|0x000000008ae00000, 0x000000008aee9ff0, 0x000000008af00000| 91%| S|CS|TAMS 0x000000008ae00000, 0x000000008ae00000| Complete 
| 125|0x000000008af00000, 0x000000008af00000, 0x000000008b000000|  0%| F|  |TAMS 0x000000008af00000, 0x000000008af00000| Untracked 

Card table byte_map: [0x0000021fe54a0000,0x0000021fe5890000] _byte_map_base: 0x0000021fe5087000

Marking Bits (Prev, Next): (CMBitMap*) 0x0000021fce3f4280, (CMBitMap*) 0x0000021fce3f4248
 Prev Bits: [0x0000021fe7bc0000, 0x0000021fe9af8000)
 Next Bits: [0x0000021fe5c80000, 0x0000021fe7bb8000)

Polling page: 0x0000021fccae0000

Metaspace:

Usage:
  Non-class:      5.21 MB capacity,     5.21 MB (>99%) used,     5.30 KB ( <1%) free+waste,     1.75 KB ( <1%) overhead. 
      Class:    555.00 KB capacity,   516.23 KB ( 93%) used,    38.02 KB (  7%) free+waste,   768 bytes ( <1%) overhead. 
       Both:      5.75 MB capacity,     5.71 MB (>99%) used,    43.33 KB ( <1%) free+waste,     2.50 KB ( <1%) overhead. 

Virtual space:
  Non-class space:       24.00 MB reserved,       5.25 MB ( 22%) committed 
      Class space:        1.00 GB reserved,     640.00 KB ( <1%) committed 
             Both:        1.02 GB reserved,       5.88 MB ( <1%) committed 

Chunk freelists:
   Non-Class:  4.75 KB
       Class:  2.63 KB
        Both:  7.38 KB

CodeHeap 'non-profiled nmethods': size=120064Kb used=30Kb max_used=30Kb free=120033Kb
 bounds [0x0000021fdd530000, 0x0000021fdd7a0000, 0x0000021fe4a70000]
CodeHeap 'profiled nmethods': size=120000Kb used=171Kb max_used=171Kb free=119828Kb
 bounds [0x0000021fd6000000, 0x0000021fd6270000, 0x0000021fdd530000]
CodeHeap 'non-nmethods': size=5696Kb used=1036Kb max_used=1039Kb free=4659Kb
 bounds [0x0000021fd5a70000, 0x0000021fd5ce0000, 0x0000021fd6000000]
 total_blobs=452 nmethods=137 adapters=227
 compilation: enabled
              stopped_count=0, restarted_count=0
 full_count=0

Compilation events (10 events):
Event: 0.183 Thread 0x0000021fec187800  133       3       java.lang.StringBuilder::append (8 bytes)
Event: 0.183 Thread 0x0000021fec187800 nmethod 133 0x0000021fd6028d90 code [0x0000021fd6028f40, 0x0000021fd6029088]
Event: 0.183 Thread 0x0000021fec187800  134       3       java.lang.AbstractStringBuilder::append (77 bytes)
Event: 0.184 Thread 0x0000021fec187800 nmethod 134 0x0000021fd6029110 code [0x0000021fd6029320, 0x0000021fd60299a8]
Event: 0.184 Thread 0x0000021fec187800  135       3       java.io.WinNTFileSystem::isSlash (18 bytes)
Event: 0.185 Thread 0x0000021fec187800 nmethod 135 0x0000021fd6029c10 code [0x0000021fd6029da0, 0x0000021fd6029f38]
Event: 0.189 Thread 0x0000021fec187800  136       3       java.lang.StringBuilder::append (8 bytes)
Event: 0.189 Thread 0x0000021fec187800 nmethod 136 0x0000021fd602a010 code [0x0000021fd602a1c0, 0x0000021fd602a308]
Event: 0.189 Thread 0x0000021fec187800  137       3       java.lang.AbstractStringBuilder::append (45 bytes)
Event: 0.189 Thread 0x0000021fec187800 nmethod 137 0x0000021fd602a390 code [0x0000021fd602a5a0, 0x0000021fd602aab8]

GC Heap History (4 events):
Event: 0.155 GC heap before
{Heap before GC invocations=0 (full 0):
 garbage-first heap   total 129024K, used 1024K [0x0000000083200000, 0x0000000100000000)
  region size 1024K, 2 young (2048K), 0 survivors (0K)
 Metaspace       used 4731K, capacity 4770K, committed 4864K, reserved 1062912K
  class space    used 421K, capacity 458K, committed 512K, reserved 1048576K
}
Event: 0.159 GC heap after
{Heap after GC invocations=1 (full 0):
 garbage-first heap   total 129024K, used 789K [0x0000000083200000, 0x0000000100000000)
  region size 1024K, 1 young (1024K), 1 survivors (1024K)
 Metaspace       used 4731K, capacity 4770K, committed 4864K, reserved 1062912K
  class space    used 421K, capacity 458K, committed 512K, reserved 1048576K
}
Event: 0.196 GC heap before
{Heap before GC invocations=2 (full 0):
 garbage-first heap   total 129024K, used 789K [0x0000000083200000, 0x0000000100000000)
  region size 1024K, 2 young (2048K), 1 survivors (1024K)
 Metaspace       used 5847K, capacity 5893K, committed 6016K, reserved 1071104K
  class space    used 516K, capacity 555K, committed 640K, reserved 1048576K
}
Event: 0.197 GC heap after
{Heap after GC invocations=3 (full 0):
 garbage-first heap   total 129024K, used 935K [0x0000000083200000, 0x0000000100000000)
  region size 1024K, 1 young (1024K), 1 survivors (1024K)
 Metaspace       used 5847K, capacity 5893K, committed 6016K, reserved 1071104K
  class space    used 516K, capacity 555K, committed 640K, reserved 1048576K
}

Deoptimization events (1 events):
Event: 0.116 Thread 0x0000021fce3b3800 Uncommon trap: reason=unstable_if action=reinterpret pc=0x0000021fdd5345f8 method=java.lang.String.hashCode()I @ 14 c2

Classes redefined (0 events):
No events

Internal exceptions (0 events):
No events

Events (10 events):
Event: 0.194 loading class sun/nio/fs/WindowsNativeDispatcher$AclInformation
Event: 0.194 loading class sun/nio/fs/WindowsNativeDispatcher$AclInformation done
Event: 0.194 loading class sun/nio/fs/WindowsNativeDispatcher$CompletionStatus
Event: 0.194 loading class sun/nio/fs/WindowsNativeDispatcher$CompletionStatus done
Event: 0.195 loading class java/util/concurrent/TimeUnit
Event: 0.195 loading class java/util/concurrent/TimeUnit done
Event: 0.195 loading class java/nio/file/attribute/FileTime
Event: 0.195 loading class java/nio/file/attribute/FileTime done
Event: 0.195 loading class java/lang/CharacterData00
Event: 0.196 Executing VM operation: CollectForMetadataAllocation


Dynamic libraries:
0x00007ff6dff50000 - 0x00007ff6dff5f000 	C:\Program Files\Java\jdk-11.0.16\bin\javaw.exe
0x00007ff900550000 - 0x00007ff900748000 	C:\WINDOWS\SYSTEM32\ntdll.dll
0x00007ff8ff2e0000 - 0x00007ff8ff39d000 	C:\WINDOWS\System32\KERNEL32.DLL
0x00007ff8fdd70000 - 0x00007ff8fe03e000 	C:\WINDOWS\System32\KERNELBASE.dll
0x00007ff8fdc70000 - 0x00007ff8fdd70000 	C:\WINDOWS\System32\ucrtbase.dll
0x00007ff8f5e40000 - 0x00007ff8f5e58000 	C:\Program Files\Java\jdk-11.0.16\bin\jli.dll
0x00007ff8ff4b0000 - 0x00007ff8ff55e000 	C:\WINDOWS\System32\ADVAPI32.dll
0x00007ff8ff590000 - 0x00007ff8ff62e000 	C:\WINDOWS\System32\msvcrt.dll
0x00007ff8ff710000 - 0x00007ff8ff7ac000 	C:\WINDOWS\System32\sechost.dll
0x00007ff8ff090000 - 0x00007ff8ff1b5000 	C:\WINDOWS\System32\RPCRT4.dll
0x00007ff8ff910000 - 0x00007ff8ffab0000 	C:\WINDOWS\System32\USER32.dll
0x00007ff8fe090000 - 0x00007ff8fe0b2000 	C:\WINDOWS\System32\win32u.dll
0x00007ff8ff560000 - 0x00007ff8ff58a000 	C:\WINDOWS\System32\GDI32.dll
0x00007ff8f6fa0000 - 0x00007ff8f6fb5000 	C:\Program Files\Java\jdk-11.0.16\bin\VCRUNTIME140.dll
0x00007ff8e6150000 - 0x00007ff8e63ea000 	C:\WINDOWS\WinSxS\amd64_microsoft.windows.common-controls_6595b64144ccf1df_6.0.19041.1110_none_60b5254171f9507e\COMCTL32.dll
0x00007ff8fe4a0000 - 0x00007ff8fe5ab000 	C:\WINDOWS\System32\gdi32full.dll
0x00007ff8fe370000 - 0x00007ff8fe40d000 	C:\WINDOWS\System32\msvcp_win.dll
0x00007ff8f66e0000 - 0x00007ff8f66ea000 	C:\WINDOWS\SYSTEM32\VERSION.dll
0x00007ff8ff3a0000 - 0x00007ff8ff3d0000 	C:\WINDOWS\System32\IMM32.DLL
0x00007ff8f5da0000 - 0x00007ff8f5e3b000 	C:\Program Files\Java\jdk-11.0.16\bin\msvcp140.dll
0x00007ff8bd1c0000 - 0x00007ff8bdcd8000 	C:\Program Files\Java\jdk-11.0.16\bin\server\jvm.dll
0x00007ff8ff810000 - 0x00007ff8ff818000 	C:\WINDOWS\System32\PSAPI.DLL
0x00007ff8f7500000 - 0x00007ff8f7509000 	C:\WINDOWS\SYSTEM32\WSOCK32.dll
0x00007ff8e7360000 - 0x00007ff8e7387000 	C:\WINDOWS\SYSTEM32\WINMM.dll
0x00007ff8ff3d0000 - 0x00007ff8ff43b000 	C:\WINDOWS\System32\WS2_32.dll
0x00007ff8fc500000 - 0x00007ff8fc512000 	C:\WINDOWS\SYSTEM32\kernel.appcore.dll
0x00007ff8f6f90000 - 0x00007ff8f6fa0000 	C:\Program Files\Java\jdk-11.0.16\bin\verify.dll
0x00007ff8fb8d0000 - 0x00007ff8fbab4000 	C:\WINDOWS\SYSTEM32\DBGHELP.DLL
0x00007ff8fb8a0000 - 0x00007ff8fb8cc000 	C:\WINDOWS\SYSTEM32\dbgcore.DLL
0x00007ff8fe410000 - 0x00007ff8fe492000 	C:\WINDOWS\System32\bcryptPrimitives.dll
0x00007ff8f5d70000 - 0x00007ff8f5d98000 	C:\Program Files\Java\jdk-11.0.16\bin\java.dll
0x00007ff8f5d60000 - 0x00007ff8f5d6a000 	C:\Program Files\Java\jdk-11.0.16\bin\jimage.dll
0x00007ff8f5d30000 - 0x00007ff8f5d46000 	C:\Program Files\Java\jdk-11.0.16\bin\zip.dll
0x00007ff8fe660000 - 0x00007ff8feda4000 	C:\WINDOWS\System32\SHELL32.dll
0x00007ff8fbac0000 - 0x00007ff8fc254000 	C:\WINDOWS\SYSTEM32\windows.storage.dll
0x00007ff900080000 - 0x00007ff9003d4000 	C:\WINDOWS\System32\combase.dll
0x00007ff8fd600000 - 0x00007ff8fd630000 	C:\WINDOWS\SYSTEM32\Wldp.dll
0x00007ff8fedb0000 - 0x00007ff8fee5d000 	C:\WINDOWS\System32\SHCORE.dll
0x00007ff8ff7b0000 - 0x00007ff8ff805000 	C:\WINDOWS\System32\shlwapi.dll
0x00007ff8fdbb0000 - 0x00007ff8fdbcf000 	C:\WINDOWS\SYSTEM32\profapi.dll
0x00007ff8f5d10000 - 0x00007ff8f5d29000 	C:\Program Files\Java\jdk-11.0.16\bin\net.dll
0x00007ff8fb510000 - 0x00007ff8fb61a000 	C:\WINDOWS\SYSTEM32\WINHTTP.dll
0x00007ff8fd360000 - 0x00007ff8fd3ca000 	C:\WINDOWS\system32\mswsock.dll
0x00007ff8f5cf0000 - 0x00007ff8f5d02000 	C:\Program Files\Java\jdk-11.0.16\bin\nio.dll

dbghelp: loaded successfully - version: 4.0.5 - missing functions: none
symbol engine: initialized successfully - sym options: 0x614 - pdb path: .;C:\Program Files\Java\jdk-11.0.16\bin;C:\WINDOWS\SYSTEM32;C:\WINDOWS\WinSxS\amd64_microsoft.windows.common-controls_6595b64144ccf1df_6.0.19041.1110_none_60b5254171f9507e;C:\Program Files\Java\jdk-11.0.16\bin\server

VM Arguments:
jvm_args: -Dfile.encoding=UTF-8 
java_command: teamProject.map.IceMap
java_class_path (initial): C:\Users\ji_eu\OneDrive\¹ÙÅÁ È­¸é\TeamProject\LastAngryBird\AngryBird\bin;C:\Users\ji_eu\OneDrive\¹ÙÅÁ È­¸é\TeamProject\LastAngryBird\AngryBird\lib\lombok.jar
Launcher Type: SUN_STANDARD

[Global flags]
     intx CICompilerCount                          = 3                                         {product} {ergonomic}
     uint ConcGCThreads                            = 1                                         {product} {ergonomic}
     uint G1ConcRefinementThreads                  = 4                                         {product} {ergonomic}
   size_t G1HeapRegionSize                         = 1048576                                   {product} {ergonomic}
    uintx GCDrainStackTargetSize                   = 64                                        {product} {ergonomic}
   size_t InitialHeapSize                          = 132120576                                 {product} {ergonomic}
   size_t MarkStackSize                            = 4194304                                   {product} {ergonomic}
   size_t MaxHeapSize                              = 2095054848                                {product} {ergonomic}
   size_t MaxNewSize                               = 1256194048                                {product} {ergonomic}
   size_t MinHeapDeltaBytes                        = 1048576                                   {product} {ergonomic}
    uintx NonNMethodCodeHeapSize                   = 5830732                                {pd product} {ergonomic}
    uintx NonProfiledCodeHeapSize                  = 122913754                              {pd product} {ergonomic}
    uintx ProfiledCodeHeapSize                     = 122913754                              {pd product} {ergonomic}
    uintx ReservedCodeCacheSize                    = 251658240                              {pd product} {ergonomic}
     bool SegmentedCodeCache                       = true                                      {product} {ergonomic}
     bool UseCompressedClassPointers               = true                                 {lp64_product} {ergonomic}
     bool UseCompressedOops                        = true                                 {lp64_product} {ergonomic}
     bool UseG1GC                                  = true                                      {product} {ergonomic}
     bool UseLargePagesIndividualAllocation        = false                                  {pd product} {ergonomic}

Logging:
Log output configuration:
 #0: stdout all=warning uptime,level,tags
 #1: stderr all=off uptime,level,tags

Environment Variables:
PATH=C:\Program Files\Common Files\Oracle\Java\javapath;C:\Program Files (x86)\Intel\Intel(R) Management Engine Components\iCLS\;C:\Program Files\Intel\Intel(R) Management Engine Components\iCLS\;C:\WINDOWS\system32;C:\WINDOWS;C:\WINDOWS\System32\Wbem;C:\WINDOWS\System32\WindowsPowerShell\v1.0\;C:\WINDOWS\System32\OpenSSH\;C:\Program Files (x86)\Intel\Intel(R) Management Engine Components\DAL;C:\Program Files\Intel\Intel(R) Management Engine Components\DAL;C:\Program Files\Bandizip\;C:\Program Files\Git\cmd;C:\Program Files\Java\jdk-11.0.16;C:\Program Files\Java\jdk-11.0.163;C:\Users\ji_eu\AppData\Local\Microsoft\WindowsApps;
USERNAME=ji_eu
OS=Windows_NT
PROCESSOR_IDENTIFIER=Intel64 Family 6 Model 142 Stepping 11, GenuineIntel



---------------  S Y S T E M  ---------------

OS: Windows 10 , 64 bit Build 19041 (10.0.19041.1889)

CPU:total 4 (initial active 4) (2 cores per cpu, 2 threads per core) family 6 model 142 stepping 11 microcode 0xae, cmov, cx8, fxsr, mmx, sse, sse2, sse3, ssse3, sse4.1, sse4.2, popcnt, avx, avx2, aes, clmul, erms, 3dnowpref, lzcnt, ht, tsc, tscinvbit, bmi1, bmi2, adx, fma

Memory: 4k page, system-wide physical 7986M (523M free)
TotalPageFile size 32562M (AvailPageFile size 1M)
current process WorkingSet (physical memory assigned to process): 35M, peak: 35M
current process commit charge ("private bytes"): 194M, peak: 195M

vm_info: Java HotSpot(TM) 64-Bit Server VM (11.0.16+11-LTS-199) for windows-amd64 JRE (11.0.16+11-LTS-199), built on Jun 28 2022 08:23:17 by "mach5one" with MS VC++ 15.9 (VS2017)

END.
